<?xml version="1.0" encoding="UTF-8"?>
<!-- Generated by org.testng.reporters.JUnitReportReporter -->
<testsuite hostname="debian" failures="0" tests="1" name="tests.TestNG_Demo1" time="5.726" errors="0" timestamp="25 Jan 2021 14:16:18 GMT">
  <testcase classname="tests.TestNG_Demo1" name="googleSearchTest1" time="5.726"/>
</testsuite> <!-- tests.TestNG_Demo1 -->
