<?xml version="1.0" encoding="UTF-8"?>
<!-- Generated by org.testng.reporters.JUnitReportReporter -->
<testsuite hostname="debian" failures="0" tests="1" name="tests.TestNG_Demo" time="6.292" errors="0" timestamp="25 Jan 2021 14:07:44 GMT">
  <testcase classname="tests.TestNG_Demo" name="googleSearchTest1" time="6.292"/>
</testsuite> <!-- tests.TestNG_Demo -->
