<?xml version="1.0" encoding="UTF-8"?>
<!-- Generated by org.testng.reporters.JUnitReportReporter -->
<testsuite hostname="debian" failures="0" tests="1" name="tests.TestNG_Demo3" time="5.743" errors="0" timestamp="25 Jan 2021 14:15:55 GMT">
  <testcase classname="tests.TestNG_Demo3" name="googleSearchTest3" time="5.743"/>
</testsuite> <!-- tests.TestNG_Demo3 -->
